Release 14.7 - xst P.20131013 (lin64)
Copyright (c) 1995-2013 Xilinx, Inc.  All rights reserved.
--> 
Parameter TMPDIR set to xst/projnav.tmp


Total REAL time to Xst completion: 1.00 secs
Total CPU time to Xst completion: 0.08 secs
 
--> 
Parameter xsthdpdir set to xst


Total REAL time to Xst completion: 1.00 secs
Total CPU time to Xst completion: 0.08 secs
 
--> 
Reading design: idea_rcs2.prj

TABLE OF CONTENTS
  1) Synthesis Options Summary
  2) HDL Compilation
  3) Design Hierarchy Analysis
  4) HDL Analysis
  5) HDL Synthesis
     5.1) HDL Synthesis Report
  6) Advanced HDL Synthesis
     6.1) Advanced HDL Synthesis Report
  7) Low Level Synthesis
  8) Partition Report
  9) Final Report
	9.1) Device utilization summary
	9.2) Partition Resource Summary
	9.3) TIMING REPORT


=========================================================================
*                      Synthesis Options Summary                        *
=========================================================================
---- Source Parameters
Input File Name                    : "idea_rcs2.prj"
Input Format                       : mixed
Ignore Synthesis Constraint File   : NO

---- Target Parameters
Output File Name                   : "idea_rcs2"
Output Format                      : NGC
Target Device                      : xc3s500e-4-fg320

---- Source Options
Top Module Name                    : idea_rcs2
Automatic FSM Extraction           : YES
FSM Encoding Algorithm             : Auto
Safe Implementation                : No
FSM Style                          : LUT
RAM Extraction                     : Yes
RAM Style                          : Auto
ROM Extraction                     : Yes
Mux Style                          : Auto
Decoder Extraction                 : YES
Priority Encoder Extraction        : Yes
Shift Register Extraction          : YES
Logical Shifter Extraction         : YES
XOR Collapsing                     : YES
ROM Style                          : Auto
Mux Extraction                     : Yes
Resource Sharing                   : YES
Asynchronous To Synchronous        : NO
Multiplier Style                   : Auto
Automatic Register Balancing       : No

---- Target Options
Add IO Buffers                     : YES
Global Maximum Fanout              : 100000
Add Generic Clock Buffer(BUFG)     : 24
Register Duplication               : YES
Slice Packing                      : YES
Optimize Instantiated Primitives   : NO
Use Clock Enable                   : Yes
Use Synchronous Set                : Yes
Use Synchronous Reset              : Yes
Pack IO Registers into IOBs        : Auto
Equivalent register Removal        : YES

---- General Options
Optimization Goal                  : Speed
Optimization Effort                : 1
Keep Hierarchy                     : No
Netlist Hierarchy                  : As_Optimized
RTL Output                         : Yes
Global Optimization                : AllClockNets
Read Cores                         : YES
Write Timing Constraints           : NO
Cross Clock Analysis               : NO
Hierarchy Separator                : /
Bus Delimiter                      : <>
Case Specifier                     : Maintain
Slice Utilization Ratio            : 100
BRAM Utilization Ratio             : 100
Verilog 2001                       : YES
Auto BRAM Packing                  : NO
Slice Utilization Ratio Delta      : 5

=========================================================================


=========================================================================
*                          HDL Compilation                              *
=========================================================================
Compiling vhdl file "/home/ise/Desktop/rcs2/mux4x1.vhd" in Library work.
Entity <mux4x1> compiled.
Entity <mux4x1> (Architecture <Behavioral>) compiled.
Compiling vhdl file "/home/ise/IDEA/IDEA/mulop.vhd" in Library work.
Entity <mulop> compiled.
Entity <mulop> (Architecture <Behavioral>) compiled.
Compiling vhdl file "/home/ise/IDEA/IDEA/addop.vhd" in Library work.
Entity <addop> compiled.
Entity <addop> (Architecture <Behavioral>) compiled.
Compiling vhdl file "/home/ise/IDEA/IDEA/xorop.vhd" in Library work.
Entity <xorop> compiled.
Entity <xorop> (Architecture <Behavioral>) compiled.
Compiling vhdl file "/home/ise/IDEA/IDEA/register_16.vhd" in Library work.
Entity <register_16> compiled.
Entity <register_16> (Architecture <Behavioral>) compiled.
Compiling vhdl file "/home/ise/Desktop/rcs2/control.vhd" in Library work.
Entity <control> compiled.
Entity <control> (Architecture <Behavioral>) compiled.
Compiling vhdl file "/home/ise/Desktop/rcs2/datapath.vhd" in Library work.
Entity <datapath> compiled.
Entity <datapath> (Architecture <Behavioral>) compiled.
Compiling vhdl file "/home/ise/IDEA/IDEA/mux2x1.vhd" in Library work.
Entity <mux2x1> compiled.
Entity <mux2x1> (Architecture <Behavioral>) compiled.
Compiling vhdl file "/home/ise/IDEA/IDEA/keygenerator.vhd" in Library work.
Entity <keygenerator> compiled.
Entity <keygenerator> (Architecture <Behavioral>) compiled.
Compiling vhdl file "/home/ise/Desktop/rcs2/clockedround.vhd" in Library work.
Entity <clockedround> compiled.
Entity <clockedround> (Architecture <Structural>) compiled.
Compiling vhdl file "/home/ise/Desktop/rcs2/roundcounter.vhd" in Library work.
Entity <roundcounter> compiled.
Entity <roundcounter> (Architecture <Behavioral>) compiled.
Compiling vhdl file "/home/ise/Desktop/rcs2/idea_rcs2.vhd" in Library work.
Entity <idea_rcs2> compiled.
Entity <idea_rcs2> (Architecture <Structural>) compiled.

=========================================================================
*                     Design Hierarchy Analysis                         *
=========================================================================
Analyzing hierarchy for entity <idea_rcs2> in library <work> (architecture <Structural>).

Analyzing hierarchy for entity <register_16> in library <work> (architecture <Behavioral>).

Analyzing hierarchy for entity <mux2x1> in library <work> (architecture <Behavioral>).

Analyzing hierarchy for entity <keygenerator> in library <work> (architecture <Behavioral>).

Analyzing hierarchy for entity <clockedround> in library <work> (architecture <Structural>).

Analyzing hierarchy for entity <roundcounter> in library <work> (architecture <Behavioral>).

Analyzing hierarchy for entity <control> in library <work> (architecture <Behavioral>).

Analyzing hierarchy for entity <datapath> in library <work> (architecture <Behavioral>).

Analyzing hierarchy for entity <mux4x1> in library <work> (architecture <Behavioral>).

Analyzing hierarchy for entity <mulop> in library <work> (architecture <Behavioral>).

Analyzing hierarchy for entity <addop> in library <work> (architecture <Behavioral>).

Analyzing hierarchy for entity <xorop> in library <work> (architecture <Behavioral>).

Analyzing hierarchy for entity <register_16> in library <work> (architecture <Behavioral>).


=========================================================================
*                            HDL Analysis                               *
=========================================================================
Analyzing Entity <idea_rcs2> in library <work> (Architecture <Structural>).
Entity <idea_rcs2> analyzed. Unit <idea_rcs2> generated.

Analyzing Entity <register_16> in library <work> (Architecture <Behavioral>).
Entity <register_16> analyzed. Unit <register_16> generated.

Analyzing Entity <mux2x1> in library <work> (Architecture <Behavioral>).
INFO:Xst:1561 - "/home/ise/IDEA/IDEA/mux2x1.vhd" line 47: Mux is complete : default of case is discarded
Entity <mux2x1> analyzed. Unit <mux2x1> generated.

Analyzing Entity <keygenerator> in library <work> (Architecture <Behavioral>).
WARNING:Xst:819 - "/home/ise/IDEA/IDEA/keygenerator.vhd" line 48: One or more signals are missing in the process sensitivity list. To enable synthesis of FPGA/CPLD hardware, XST will assume that all necessary signals are present in the sensitivity list. Please note that the result of the synthesis may differ from the initial design specification. The missing signals are:
   <KEY>
Entity <keygenerator> analyzed. Unit <keygenerator> generated.

Analyzing Entity <clockedround> in library <work> (Architecture <Structural>).
Entity <clockedround> analyzed. Unit <clockedround> generated.

Analyzing Entity <control> in library <work> (Architecture <Behavioral>).
Entity <control> analyzed. Unit <control> generated.

Analyzing Entity <datapath> in library <work> (Architecture <Behavioral>).
Entity <datapath> analyzed. Unit <datapath> generated.

Analyzing Entity <mux4x1> in library <work> (Architecture <Behavioral>).
INFO:Xst:1561 - "/home/ise/Desktop/rcs2/mux4x1.vhd" line 51: Mux is complete : default of case is discarded
Entity <mux4x1> analyzed. Unit <mux4x1> generated.

Analyzing Entity <mulop> in library <work> (Architecture <Behavioral>).
Entity <mulop> analyzed. Unit <mulop> generated.

Analyzing Entity <addop> in library <work> (Architecture <Behavioral>).
Entity <addop> analyzed. Unit <addop> generated.

Analyzing Entity <xorop> in library <work> (Architecture <Behavioral>).
Entity <xorop> analyzed. Unit <xorop> generated.

Analyzing Entity <roundcounter> in library <work> (Architecture <Behavioral>).
Entity <roundcounter> analyzed. Unit <roundcounter> generated.


=========================================================================
*                           HDL Synthesis                               *
=========================================================================

Performing bidirectional port resolution...

Synthesizing Unit <register_16>.
    Related source file is "/home/ise/IDEA/IDEA/register_16.vhd".
    Found 16-bit register for signal <Q>.
    Summary:
	inferred  16 D-type flip-flop(s).
Unit <register_16> synthesized.


Synthesizing Unit <mux2x1>.
    Related source file is "/home/ise/IDEA/IDEA/mux2x1.vhd".
Unit <mux2x1> synthesized.


Synthesizing Unit <keygenerator>.
    Related source file is "/home/ise/IDEA/IDEA/keygenerator.vhd".
Unit <keygenerator> synthesized.


Synthesizing Unit <roundcounter>.
    Related source file is "/home/ise/Desktop/rcs2/roundcounter.vhd".
    Found finite state machine <FSM_0> for signal <CURRENT_STATE>.
    -----------------------------------------------------------------------
    | States             | 3                                              |
    | Transitions        | 6                                              |
    | Inputs             | 3                                              |
    | Outputs            | 2                                              |
    | Clock              | CLK                       (rising_edge)        |
    | Power Up State     | sleep                                          |
    | Encoding           | automatic                                      |
    | Implementation     | LUT                                            |
    -----------------------------------------------------------------------
    Found 4-bit register for signal <cin>.
    Found 4-bit adder for signal <cin$addsub0000> created at line 57.
    Summary:
	inferred   1 Finite State Machine(s).
	inferred   4 D-type flip-flop(s).
	inferred   1 Adder/Subtractor(s).
Unit <roundcounter> synthesized.


Synthesizing Unit <control>.
    Related source file is "/home/ise/Desktop/rcs2/control.vhd".
    Found 8x6-bit ROM for signal <cin$rom0000>.
    Found 2-bit 8-to-1 multiplexer for signal <S_T>.
    Found 3-bit register for signal <cin>.
    Found 3-bit adder for signal <cin$share0000>.
    Summary:
	inferred   1 ROM(s).
	inferred   3 D-type flip-flop(s).
	inferred   1 Adder/Subtractor(s).
	inferred   2 Multiplexer(s).
Unit <control> synthesized.


Synthesizing Unit <mux4x1>.
    Related source file is "/home/ise/Desktop/rcs2/mux4x1.vhd".
    Found 16-bit 4-to-1 multiplexer for signal <O>.
    Summary:
	inferred  16 Multiplexer(s).
Unit <mux4x1> synthesized.


Synthesizing Unit <mulop>.
    Related source file is "/home/ise/IDEA/IDEA/mulop.vhd".
WARNING:Xst:1780 - Signal <temp6> is never used or assigned. This unconnected signal will be trimmed during the optimization process.
WARNING:Xst:1780 - Signal <temp5> is never used or assigned. This unconnected signal will be trimmed during the optimization process.
WARNING:Xst:646 - Signal <temp4<16>> is assigned but never used. This unconnected signal will be trimmed during the optimization process.
WARNING:Xst:646 - Signal <temp3<33>> is assigned but never used. This unconnected signal will be trimmed during the optimization process.
    Found 17x17-bit multiplier for signal <temp3>.
    Found 17-bit addsub for signal <temp4>.
    Found 17-bit subtractor for signal <temp4$addsub0000> created at line 71.
    Found 17-bit comparator greatequal for signal <temp4$cmp_ge0000> created at line 67.
    Summary:
	inferred   2 Adder/Subtractor(s).
	inferred   1 Multiplier(s).
	inferred   1 Comparator(s).
Unit <mulop> synthesized.


Synthesizing Unit <addop>.
    Related source file is "/home/ise/IDEA/IDEA/addop.vhd".
    Found 16-bit adder for signal <Output>.
    Summary:
	inferred   1 Adder/Subtractor(s).
Unit <addop> synthesized.


Synthesizing Unit <xorop>.
    Related source file is "/home/ise/IDEA/IDEA/xorop.vhd".
    Found 16-bit xor2 for signal <Output>.
Unit <xorop> synthesized.


Synthesizing Unit <datapath>.
    Related source file is "/home/ise/Desktop/rcs2/datapath.vhd".
Unit <datapath> synthesized.


Synthesizing Unit <clockedround>.
    Related source file is "/home/ise/Desktop/rcs2/clockedround.vhd".
Unit <clockedround> synthesized.


Synthesizing Unit <idea_rcs2>.
    Related source file is "/home/ise/Desktop/rcs2/idea_rcs2.vhd".
Unit <idea_rcs2> synthesized.

INFO:Xst:1767 - HDL ADVISOR - Resource sharing has identified that some arithmetic operations in this design can share the same physical resources for reduced device utilization. For improved clock frequency you may try to disable resource sharing.

=========================================================================
HDL Synthesis Report

Macro Statistics
# ROMs                                                 : 1
 8x6-bit ROM                                           : 1
# Multipliers                                          : 1
 17x17-bit multiplier                                  : 1
# Adders/Subtractors                                   : 5
 16-bit adder                                          : 1
 17-bit addsub                                         : 1
 17-bit subtractor                                     : 1
 3-bit adder                                           : 1
 4-bit adder                                           : 1
# Registers                                            : 14
 16-bit register                                       : 12
 3-bit register                                        : 1
 4-bit register                                        : 1
# Comparators                                          : 1
 17-bit comparator greatequal                          : 1
# Multiplexers                                         : 5
 16-bit 4-to-1 multiplexer                             : 4
 2-bit 8-to-1 multiplexer                              : 1
# Xors                                                 : 5
 16-bit xor2                                           : 5

=========================================================================

=========================================================================
*                       Advanced HDL Synthesis                          *
=========================================================================

Analyzing FSM <FSM_0> for best encoding.
Optimizing FSM <RC/CURRENT_STATE/FSM> on signal <CURRENT_STATE[1:2]> with user encoding.
-------------------
 State | Encoding
-------------------
 sleep | 00
 setup | 01
 calc  | 10
-------------------

=========================================================================
Advanced HDL Synthesis Report

Macro Statistics
# FSMs                                                 : 1
# ROMs                                                 : 1
 8x6-bit ROM                                           : 1
# Multipliers                                          : 1
 17x17-bit multiplier                                  : 1
# Adders/Subtractors                                   : 5
 16-bit adder                                          : 1
 17-bit addsub                                         : 1
 17-bit subtractor                                     : 1
 3-bit adder                                           : 1
 4-bit adder                                           : 1
# Registers                                            : 199
 Flip-Flops                                            : 199
# Comparators                                          : 1
 17-bit comparator greatequal                          : 1
# Multiplexers                                         : 5
 16-bit 4-to-1 multiplexer                             : 4
 2-bit 8-to-1 multiplexer                              : 1
# Xors                                                 : 5
 16-bit xor2                                           : 5

=========================================================================

=========================================================================
*                         Low Level Synthesis                           *
=========================================================================

Optimizing unit <idea_rcs2> ...

Optimizing unit <keygenerator> ...

Optimizing unit <register_16> ...

Optimizing unit <roundcounter> ...

Optimizing unit <control> ...

Optimizing unit <mulop> ...

Optimizing unit <datapath> ...

Mapping all equations...
Building and optimizing final netlist ...
Found area constraint ratio of 100 (+ 5) on block idea_rcs2, actual ratio is 11.
FlipFlop RC/cin_0 has been replicated 7 time(s)
FlipFlop RC/cin_1 has been replicated 5 time(s)
FlipFlop RC/cin_2 has been replicated 10 time(s)

Final Macro Processing ...

=========================================================================
Final Register Report

Macro Statistics
# Registers                                            : 223
 Flip-Flops                                            : 223

=========================================================================

=========================================================================
*                           Partition Report                            *
=========================================================================

Partition Implementation Status
-------------------------------

  No Partitions were found in this design.

-------------------------------

=========================================================================
*                            Final Report                               *
=========================================================================
Final Results
RTL Top Level Output File Name     : idea_rcs2.ngr
Top Level Output File Name         : idea_rcs2
Output Format                      : NGC
Optimization Goal                  : Speed
Keep Hierarchy                     : No

Design Statistics
# IOs                              : 259

Cell Usage :
# BELS                             : 1231
#      GND                         : 1
#      INV                         : 1
#      LUT2                        : 158
#      LUT3                        : 372
#      LUT3_D                      : 1
#      LUT3_L                      : 16
#      LUT4                        : 412
#      LUT4_D                      : 3
#      LUT4_L                      : 2
#      MUXCY                       : 62
#      MUXF5                       : 154
#      VCC                         : 1
#      XORCY                       : 48
# FlipFlops/Latches                : 223
#      FD                          : 4
#      FDE                         : 218
#      FDSE                        : 1
# Clock Buffers                    : 1
#      BUFGP                       : 1
# IO Buffers                       : 258
#      IBUF                        : 193
#      OBUF                        : 65
# MULTs                            : 1
#      MULT18X18SIO                : 1
=========================================================================

Device utilization summary:
---------------------------

Selected Device : 3s500efg320-4 

 Number of Slices:                      516  out of   4656    11%  
 Number of Slice Flip Flops:            223  out of   9312     2%  
 Number of 4 input LUTs:                965  out of   9312    10%  
 Number of IOs:                         259
 Number of bonded IOBs:                 259  out of    232   111% (*) 
 Number of MULT18X18SIOs:                 1  out of     20     5%  
 Number of GCLKs:                         1  out of     24     4%  

WARNING:Xst:1336 -  (*) More than 100% of Device resources are used

---------------------------
Partition Resource Summary:
---------------------------

  No Partitions were found in this design.

---------------------------


=========================================================================
TIMING REPORT

NOTE: THESE TIMING NUMBERS ARE ONLY A SYNTHESIS ESTIMATE.
      FOR ACCURATE TIMING INFORMATION PLEASE REFER TO THE TRACE REPORT
      GENERATED AFTER PLACE-and-ROUTE.

Clock Information:
------------------
-----------------------------------+------------------------+-------+
Clock Signal                       | Clock buffer(FF name)  | Load  |
-----------------------------------+------------------------+-------+
CLOCK                              | BUFGP                  | 223   |
-----------------------------------+------------------------+-------+

Asynchronous Control Signals Information:
----------------------------------------
No asynchronous control signals found in this design

Timing Summary:
---------------
Speed Grade: -4

   Minimum period: 25.648ns (Maximum Frequency: 38.990MHz)
   Minimum input arrival time before clock: 25.702ns
   Maximum output required time after clock: 5.831ns
   Maximum combinational path delay: No path found

Timing Detail:
--------------
All values displayed in nanoseconds (ns)

=========================================================================
Timing constraint: Default period analysis for Clock 'CLOCK'
  Clock period: 25.648ns (frequency: 38.990MHz)
  Total number of paths / destination ports: 841578708 / 442
-------------------------------------------------------------------------
Delay:               25.648ns (Levels of Logic = 46)
  Source:            RC/cin_3 (FF)
  Destination:       Reg4/Q_15 (FF)
  Source Clock:      CLOCK rising
  Destination Clock: CLOCK rising

  Data Path: RC/cin_3 to Reg4/Q_15
                                Gate     Net
    Cell:in->out      fanout   Delay   Delay  Logical Name (Net Name)
    ----------------------------------------  ------------
     FDE:C->Q            197   0.591   1.349  RC/cin_3 (RC/cin_3)
     LUT4_D:I2->O         57   0.704   1.349  K1/SELECTED_KEY_cmp_eq00081 (K1/SELECTED_KEY_cmp_eq0008)
     LUT2:I1->O            1   0.704   0.424  K1/SELECTED_KEY<40>0 (K1/SELECTED_KEY<40>0)
     LUT4:I3->O            1   0.704   0.000  CR/DP/mux2/Mmux_O_414 (CR/DP/mux2/Mmux_O_414)
     MUXF5:I0->O           2   0.321   0.622  CR/DP/mux2/Mmux_O_2_f5_13 (CR/DP/Mux2_Out<8>)
     LUT4:I0->O            1   0.704   0.499  CR/DP/mul/temp2_cmp_eq000049 (CR/DP/mul/temp2_cmp_eq000049)
     LUT4:I1->O            1   0.704   0.420  CR/DP/mul/temp2_cmp_eq000076 (CR/DP/mul/temp2<16>)
     MULT18X18SIO:B16->P16    3   4.860   0.610  CR/DP/mul/Mmult_temp3 (CR/DP/mul/temp3<16>)
     LUT2:I1->O            1   0.704   0.000  CR/DP/mul/Mcompar_temp4_cmp_ge0000_lut<0> (CR/DP/mul/Mcompar_temp4_cmp_ge0000_lut<0>)
     MUXCY:S->O            1   0.464   0.000  CR/DP/mul/Mcompar_temp4_cmp_ge0000_cy<0> (CR/DP/mul/Mcompar_temp4_cmp_ge0000_cy<0>)
     MUXCY:CI->O           1   0.059   0.000  CR/DP/mul/Mcompar_temp4_cmp_ge0000_cy<1> (CR/DP/mul/Mcompar_temp4_cmp_ge0000_cy<1>)
     MUXCY:CI->O           1   0.059   0.000  CR/DP/mul/Mcompar_temp4_cmp_ge0000_cy<2> (CR/DP/mul/Mcompar_temp4_cmp_ge0000_cy<2>)
     MUXCY:CI->O           1   0.059   0.000  CR/DP/mul/Mcompar_temp4_cmp_ge0000_cy<3> (CR/DP/mul/Mcompar_temp4_cmp_ge0000_cy<3>)
     MUXCY:CI->O           1   0.059   0.000  CR/DP/mul/Mcompar_temp4_cmp_ge0000_cy<4> (CR/DP/mul/Mcompar_temp4_cmp_ge0000_cy<4>)
     MUXCY:CI->O           1   0.059   0.000  CR/DP/mul/Mcompar_temp4_cmp_ge0000_cy<5> (CR/DP/mul/Mcompar_temp4_cmp_ge0000_cy<5>)
     MUXCY:CI->O           1   0.059   0.000  CR/DP/mul/Mcompar_temp4_cmp_ge0000_cy<6> (CR/DP/mul/Mcompar_temp4_cmp_ge0000_cy<6>)
     MUXCY:CI->O           1   0.059   0.000  CR/DP/mul/Mcompar_temp4_cmp_ge0000_cy<7> (CR/DP/mul/Mcompar_temp4_cmp_ge0000_cy<7>)
     MUXCY:CI->O           1   0.059   0.000  CR/DP/mul/Mcompar_temp4_cmp_ge0000_cy<8> (CR/DP/mul/Mcompar_temp4_cmp_ge0000_cy<8>)
     MUXCY:CI->O           1   0.059   0.000  CR/DP/mul/Mcompar_temp4_cmp_ge0000_cy<9> (CR/DP/mul/Mcompar_temp4_cmp_ge0000_cy<9>)
     MUXCY:CI->O           1   0.059   0.000  CR/DP/mul/Mcompar_temp4_cmp_ge0000_cy<10> (CR/DP/mul/Mcompar_temp4_cmp_ge0000_cy<10>)
     MUXCY:CI->O           1   0.059   0.000  CR/DP/mul/Mcompar_temp4_cmp_ge0000_cy<11> (CR/DP/mul/Mcompar_temp4_cmp_ge0000_cy<11>)
     MUXCY:CI->O           1   0.059   0.000  CR/DP/mul/Mcompar_temp4_cmp_ge0000_cy<12> (CR/DP/mul/Mcompar_temp4_cmp_ge0000_cy<12>)
     MUXCY:CI->O           1   0.059   0.000  CR/DP/mul/Mcompar_temp4_cmp_ge0000_cy<13> (CR/DP/mul/Mcompar_temp4_cmp_ge0000_cy<13>)
     MUXCY:CI->O           1   0.059   0.000  CR/DP/mul/Mcompar_temp4_cmp_ge0000_cy<14> (CR/DP/mul/Mcompar_temp4_cmp_ge0000_cy<14>)
     MUXCY:CI->O           1   0.059   0.000  CR/DP/mul/Mcompar_temp4_cmp_ge0000_cy<15> (CR/DP/mul/Mcompar_temp4_cmp_ge0000_cy<15>)
     MUXCY:CI->O          32   0.059   1.266  CR/DP/mul/Mcompar_temp4_cmp_ge0000_cy<16> (CR/DP/mul/temp4_cmp_ge0000)
     LUT4:I3->O            1   0.704   0.000  CR/DP/mul/Maddsub_temp4_lut<0> (CR/DP/mul/Maddsub_temp4_lut<0>)
     XORCY:LI->O           7   0.527   0.712  CR/DP/mul/Maddsub_temp4_xor<0> (CR/DP/mulop_Out<0>)
     LUT4:I3->O            1   0.704   0.499  CR/DP/mux4/Mmux_O2210 (CR/DP/Mux4_Out<0>)
     LUT2:I1->O            1   0.704   0.000  CR/DP/add/Madd_Output_lut<0> (CR/DP/add/Madd_Output_lut<0>)
     MUXCY:S->O            1   0.464   0.000  CR/DP/add/Madd_Output_cy<0> (CR/DP/add/Madd_Output_cy<0>)
     MUXCY:CI->O           1   0.059   0.000  CR/DP/add/Madd_Output_cy<1> (CR/DP/add/Madd_Output_cy<1>)
     MUXCY:CI->O           1   0.059   0.000  CR/DP/add/Madd_Output_cy<2> (CR/DP/add/Madd_Output_cy<2>)
     MUXCY:CI->O           1   0.059   0.000  CR/DP/add/Madd_Output_cy<3> (CR/DP/add/Madd_Output_cy<3>)
     MUXCY:CI->O           1   0.059   0.000  CR/DP/add/Madd_Output_cy<4> (CR/DP/add/Madd_Output_cy<4>)
     MUXCY:CI->O           1   0.059   0.000  CR/DP/add/Madd_Output_cy<5> (CR/DP/add/Madd_Output_cy<5>)
     MUXCY:CI->O           1   0.059   0.000  CR/DP/add/Madd_Output_cy<6> (CR/DP/add/Madd_Output_cy<6>)
     MUXCY:CI->O           1   0.059   0.000  CR/DP/add/Madd_Output_cy<7> (CR/DP/add/Madd_Output_cy<7>)
     MUXCY:CI->O           1   0.059   0.000  CR/DP/add/Madd_Output_cy<8> (CR/DP/add/Madd_Output_cy<8>)
     MUXCY:CI->O           1   0.059   0.000  CR/DP/add/Madd_Output_cy<9> (CR/DP/add/Madd_Output_cy<9>)
     MUXCY:CI->O           1   0.059   0.000  CR/DP/add/Madd_Output_cy<10> (CR/DP/add/Madd_Output_cy<10>)
     MUXCY:CI->O           1   0.059   0.000  CR/DP/add/Madd_Output_cy<11> (CR/DP/add/Madd_Output_cy<11>)
     MUXCY:CI->O           1   0.059   0.000  CR/DP/add/Madd_Output_cy<12> (CR/DP/add/Madd_Output_cy<12>)
     MUXCY:CI->O           1   0.059   0.000  CR/DP/add/Madd_Output_cy<13> (CR/DP/add/Madd_Output_cy<13>)
     MUXCY:CI->O           0   0.059   0.000  CR/DP/add/Madd_Output_cy<14> (CR/DP/add/Madd_Output_cy<14>)
     XORCY:CI->O           6   0.804   0.748  CR/DP/add/Madd_Output_xor<15> (CR/DP/addop_Out<15>)
     LUT2:I1->O            1   0.704   0.000  CR/DP/xor_4/Mxor_Output_Result<15>1 (sig_RY4<15>)
     FDE:D                     0.308          Reg4/Q_15
    ----------------------------------------
    Total                     25.648ns (17.149ns logic, 8.499ns route)
                                       (66.9% logic, 33.1% route)

=========================================================================
Timing constraint: Default OFFSET IN BEFORE for Clock 'CLOCK'
  Total number of paths / destination ports: 484387850 / 194
-------------------------------------------------------------------------
Offset:              25.702ns (Levels of Logic = 48)
  Source:            KEY<124> (PAD)
  Destination:       Reg4/Q_15 (FF)
  Destination Clock: CLOCK rising

  Data Path: KEY<124> to Reg4/Q_15
                                Gate     Net
    Cell:in->out      fanout   Delay   Delay  Logical Name (Net Name)
    ----------------------------------------  ------------
     IBUF:I->O             4   1.218   0.762  KEY_124_IBUF (KEY_124_IBUF)
     LUT4:I0->O            2   0.704   0.482  K1/SELECTED_KEY<39>11_SW1 (N852)
     LUT3:I2->O            1   0.704   0.424  K1/SELECTED_KEY<39>11 (K1/SELECTED_KEY<32>49)
     LUT4:I3->O            1   0.704   0.424  K1/SELECTED_KEY<32>68_SW0 (N168)
     LUT4:I3->O            1   0.704   0.000  CR/DP/mux2/Mmux_O_4 (CR/DP/mux2/Mmux_O_4)
     MUXF5:I0->O           2   0.321   0.451  CR/DP/mux2/Mmux_O_2_f5 (CR/DP/Mux2_Out<0>)
     LUT4:I3->O            1   0.704   0.424  CR/DP/mul/temp2_cmp_eq000012 (CR/DP/mul/temp2_cmp_eq000012)
     LUT4:I3->O            1   0.704   0.420  CR/DP/mul/temp2_cmp_eq000076 (CR/DP/mul/temp2<16>)
     MULT18X18SIO:B16->P16    3   4.860   0.610  CR/DP/mul/Mmult_temp3 (CR/DP/mul/temp3<16>)
     LUT2:I1->O            1   0.704   0.000  CR/DP/mul/Mcompar_temp4_cmp_ge0000_lut<0> (CR/DP/mul/Mcompar_temp4_cmp_ge0000_lut<0>)
     MUXCY:S->O            1   0.464   0.000  CR/DP/mul/Mcompar_temp4_cmp_ge0000_cy<0> (CR/DP/mul/Mcompar_temp4_cmp_ge0000_cy<0>)
     MUXCY:CI->O           1   0.059   0.000  CR/DP/mul/Mcompar_temp4_cmp_ge0000_cy<1> (CR/DP/mul/Mcompar_temp4_cmp_ge0000_cy<1>)
     MUXCY:CI->O           1   0.059   0.000  CR/DP/mul/Mcompar_temp4_cmp_ge0000_cy<2> (CR/DP/mul/Mcompar_temp4_cmp_ge0000_cy<2>)
     MUXCY:CI->O           1   0.059   0.000  CR/DP/mul/Mcompar_temp4_cmp_ge0000_cy<3> (CR/DP/mul/Mcompar_temp4_cmp_ge0000_cy<3>)
     MUXCY:CI->O           1   0.059   0.000  CR/DP/mul/Mcompar_temp4_cmp_ge0000_cy<4> (CR/DP/mul/Mcompar_temp4_cmp_ge0000_cy<4>)
     MUXCY:CI->O           1   0.059   0.000  CR/DP/mul/Mcompar_temp4_cmp_ge0000_cy<5> (CR/DP/mul/Mcompar_temp4_cmp_ge0000_cy<5>)
     MUXCY:CI->O           1   0.059   0.000  CR/DP/mul/Mcompar_temp4_cmp_ge0000_cy<6> (CR/DP/mul/Mcompar_temp4_cmp_ge0000_cy<6>)
     MUXCY:CI->O           1   0.059   0.000  CR/DP/mul/Mcompar_temp4_cmp_ge0000_cy<7> (CR/DP/mul/Mcompar_temp4_cmp_ge0000_cy<7>)
     MUXCY:CI->O           1   0.059   0.000  CR/DP/mul/Mcompar_temp4_cmp_ge0000_cy<8> (CR/DP/mul/Mcompar_temp4_cmp_ge0000_cy<8>)
     MUXCY:CI->O           1   0.059   0.000  CR/DP/mul/Mcompar_temp4_cmp_ge0000_cy<9> (CR/DP/mul/Mcompar_temp4_cmp_ge0000_cy<9>)
     MUXCY:CI->O           1   0.059   0.000  CR/DP/mul/Mcompar_temp4_cmp_ge0000_cy<10> (CR/DP/mul/Mcompar_temp4_cmp_ge0000_cy<10>)
     MUXCY:CI->O           1   0.059   0.000  CR/DP/mul/Mcompar_temp4_cmp_ge0000_cy<11> (CR/DP/mul/Mcompar_temp4_cmp_ge0000_cy<11>)
     MUXCY:CI->O           1   0.059   0.000  CR/DP/mul/Mcompar_temp4_cmp_ge0000_cy<12> (CR/DP/mul/Mcompar_temp4_cmp_ge0000_cy<12>)
     MUXCY:CI->O           1   0.059   0.000  CR/DP/mul/Mcompar_temp4_cmp_ge0000_cy<13> (CR/DP/mul/Mcompar_temp4_cmp_ge0000_cy<13>)
     MUXCY:CI->O           1   0.059   0.000  CR/DP/mul/Mcompar_temp4_cmp_ge0000_cy<14> (CR/DP/mul/Mcompar_temp4_cmp_ge0000_cy<14>)
     MUXCY:CI->O           1   0.059   0.000  CR/DP/mul/Mcompar_temp4_cmp_ge0000_cy<15> (CR/DP/mul/Mcompar_temp4_cmp_ge0000_cy<15>)
     MUXCY:CI->O          32   0.059   1.266  CR/DP/mul/Mcompar_temp4_cmp_ge0000_cy<16> (CR/DP/mul/temp4_cmp_ge0000)
     LUT4:I3->O            1   0.704   0.000  CR/DP/mul/Maddsub_temp4_lut<0> (CR/DP/mul/Maddsub_temp4_lut<0>)
     XORCY:LI->O           7   0.527   0.712  CR/DP/mul/Maddsub_temp4_xor<0> (CR/DP/mulop_Out<0>)
     LUT4:I3->O            1   0.704   0.499  CR/DP/mux4/Mmux_O2210 (CR/DP/Mux4_Out<0>)
     LUT2:I1->O            1   0.704   0.000  CR/DP/add/Madd_Output_lut<0> (CR/DP/add/Madd_Output_lut<0>)
     MUXCY:S->O            1   0.464   0.000  CR/DP/add/Madd_Output_cy<0> (CR/DP/add/Madd_Output_cy<0>)
     MUXCY:CI->O           1   0.059   0.000  CR/DP/add/Madd_Output_cy<1> (CR/DP/add/Madd_Output_cy<1>)
     MUXCY:CI->O           1   0.059   0.000  CR/DP/add/Madd_Output_cy<2> (CR/DP/add/Madd_Output_cy<2>)
     MUXCY:CI->O           1   0.059   0.000  CR/DP/add/Madd_Output_cy<3> (CR/DP/add/Madd_Output_cy<3>)
     MUXCY:CI->O           1   0.059   0.000  CR/DP/add/Madd_Output_cy<4> (CR/DP/add/Madd_Output_cy<4>)
     MUXCY:CI->O           1   0.059   0.000  CR/DP/add/Madd_Output_cy<5> (CR/DP/add/Madd_Output_cy<5>)
     MUXCY:CI->O           1   0.059   0.000  CR/DP/add/Madd_Output_cy<6> (CR/DP/add/Madd_Output_cy<6>)
     MUXCY:CI->O           1   0.059   0.000  CR/DP/add/Madd_Output_cy<7> (CR/DP/add/Madd_Output_cy<7>)
     MUXCY:CI->O           1   0.059   0.000  CR/DP/add/Madd_Output_cy<8> (CR/DP/add/Madd_Output_cy<8>)
     MUXCY:CI->O           1   0.059   0.000  CR/DP/add/Madd_Output_cy<9> (CR/DP/add/Madd_Output_cy<9>)
     MUXCY:CI->O           1   0.059   0.000  CR/DP/add/Madd_Output_cy<10> (CR/DP/add/Madd_Output_cy<10>)
     MUXCY:CI->O           1   0.059   0.000  CR/DP/add/Madd_Output_cy<11> (CR/DP/add/Madd_Output_cy<11>)
     MUXCY:CI->O           1   0.059   0.000  CR/DP/add/Madd_Output_cy<12> (CR/DP/add/Madd_Output_cy<12>)
     MUXCY:CI->O           1   0.059   0.000  CR/DP/add/Madd_Output_cy<13> (CR/DP/add/Madd_Output_cy<13>)
     MUXCY:CI->O           0   0.059   0.000  CR/DP/add/Madd_Output_cy<14> (CR/DP/add/Madd_Output_cy<14>)
     XORCY:CI->O           6   0.804   0.748  CR/DP/add/Madd_Output_xor<15> (CR/DP/addop_Out<15>)
     LUT2:I1->O            1   0.704   0.000  CR/DP/xor_4/Mxor_Output_Result<15>1 (sig_RY4<15>)
     FDE:D                     0.308          Reg4/Q_15
    ----------------------------------------
    Total                     25.702ns (18.480ns logic, 7.222ns route)
                                       (71.9% logic, 28.1% route)

=========================================================================
Timing constraint: Default OFFSET OUT AFTER for Clock 'CLOCK'
  Total number of paths / destination ports: 66 / 65
-------------------------------------------------------------------------
Offset:              5.831ns (Levels of Logic = 2)
  Source:            RC/CURRENT_STATE_FSM_FFd2 (FF)
  Destination:       READY (PAD)
  Source Clock:      CLOCK rising

  Data Path: RC/CURRENT_STATE_FSM_FFd2 to READY
                                Gate     Net
    Cell:in->out      fanout   Delay   Delay  Logical Name (Net Name)
    ----------------------------------------  ------------
     FD:C->Q               6   0.591   0.844  RC/CURRENT_STATE_FSM_FFd2 (RC/CURRENT_STATE_FSM_FFd2)
     LUT2:I0->O            1   0.704   0.420  RC/CURRENT_STATE_FSM_Out01 (READY_OBUF)
     OBUF:I->O                 3.272          READY_OBUF (READY)
    ----------------------------------------
    Total                      5.831ns (4.567ns logic, 1.264ns route)
                                       (78.3% logic, 21.7% route)

=========================================================================


Total REAL time to Xst completion: 14.00 secs
Total CPU time to Xst completion: 11.98 secs
 
--> 


Total memory usage is 635168 kilobytes

Number of errors   :    0 (   0 filtered)
Number of warnings :    6 (   0 filtered)
Number of infos    :    3 (   0 filtered)

